<?xml version="1.0" encoding="UTF-8"?>
<testng-results ignored="0" total="1" passed="1" failed="0" skipped="0">
  <reporter-output>
  </reporter-output>
  <suite started-at="2023-01-26T15:38:35 GMT+05:30" name="Default suite" finished-at="2023-01-26T15:38:52 GMT+05:30" duration-ms="16898">
    <groups>
    </groups>
    <test started-at="2023-01-26T15:38:35 GMT+05:30" name="Default test" finished-at="2023-01-26T15:38:52 GMT+05:30" duration-ms="16898">
      <class name="SortTableData.SortTableData">
        <test-method signature="sortTabData()[pri:0, instance:SortTableData.SortTableData@363ee3a2]" started-at="2023-01-26T15:38:35 GMT+05:30" name="sortTabData" finished-at="2023-01-26T15:38:52 GMT+05:30" duration-ms="16865" status="PASS">
          <reporter-output>
          </reporter-output>
        </test-method> <!-- sortTabData -->
      </class> <!-- SortTableData.SortTableData -->
    </test> <!-- Default test -->
  </suite> <!-- Default suite -->
</testng-results>
